<?xml version="1.0" encoding="UTF-8"?>
<testsuite xmlns:xsi="http://www.w3.org/2001/XMLSchema-instance" xsi:noNamespaceSchemaLocation="https://maven.apache.org/surefire/maven-surefire-plugin/xsd/surefire-test-report-3.0.xsd" version="3.0" name="com.crud.project_root.ProjectRootApplicationTests" time="9.776" tests="1" errors="0" skipped="0" failures="0">
  <properties>
[...]
</properties>
  <testcase name="contextLoads" classname="com.crud.project_root.ProjectRootApplicationTests" time="0.898">
    <system-out><![CDATA[18:30:15.795 [main] INFO org.springframework.test.context.support.AnnotationConfigContextLoaderUtils -- Could not detect default configuration classes for test class [com.crud.project_root.ProjectRootApplicationTests]: ProjectRootApplicationTests does not declare any static, non-private, non-final, nested classes annotated with @Configuration.
18:30:15.934 [main] INFO org.springframework.boot.test.context.SpringBootTestContextBootstrapper -- Found @SpringBootConfiguration com.crud.project_root.App for test class com.crud.project_root.ProjectRootApplicationTests
18:30:16.096 [main] INFO org.springframework.boot.devtools.restart.RestartApplicationListener -- Restart disabled due to context in which it is running

  .   ____          _            __ _ _
 /\\ / ___'_ __ _ _(_)_ __  __ _ \ \ \ \
( ( )\___ | '_ | '_| | '_ \/ _` | \ \ \ \
 \\/  ___)| |_)| | | | | || (_| |  ) ) ) )
  '  |____| .__|_| |_|_| |_\__, | / / / /
 =========|_|==============|___/=/_/_/_/
 :: Spring Boot ::                (v3.2.8)

2024-07-30T18:30:16.421-03:00  INFO 105987 --- [todo-app] [           main] c.c.p.ProjectRootApplicationTests        : Starting ProjectRootApplicationTests using Java 17.0.11 with PID 105987 (started by ledilson in /home/ledilson/ProjetosJava/project-root)
2024-07-30T18:30:16.425-03:00  INFO 105987 --- [todo-app] [           main] c.c.p.ProjectRootApplicationTests        : No active profile set, falling back to 1 default profile: "default"
2024-07-30T18:30:17.492-03:00  INFO 105987 --- [todo-app] [           main] .s.d.r.c.RepositoryConfigurationDelegate : Bootstrapping Spring Data JPA repositories in DEFAULT mode.
2024-07-30T18:30:17.547-03:00  INFO 105987 --- [todo-app] [           main] .s.d.r.c.RepositoryConfigurationDelegate : Finished Spring Data repository scanning in 48 ms. Found 2 JPA repository interfaces.
2024-07-30T18:30:18.059-03:00  INFO 105987 --- [todo-app] [           main] o.hibernate.jpa.internal.util.LogHelper  : HHH000204: Processing PersistenceUnitInfo [name: default]
2024-07-30T18:30:18.124-03:00  INFO 105987 --- [todo-app] [           main] org.hibernate.Version                    : HHH000412: Hibernate ORM core version 6.4.9.Final
2024-07-30T18:30:18.165-03:00  INFO 105987 --- [todo-app] [           main] o.h.c.internal.RegionFactoryInitiator    : HHH000026: Second-level cache disabled
2024-07-30T18:30:18.420-03:00  INFO 105987 --- [todo-app] [           main] o.s.o.j.p.SpringPersistenceUnitInfo      : No LoadTimeWeaver setup: ignoring JPA class transformer
2024-07-30T18:30:18.456-03:00  INFO 105987 --- [todo-app] [           main] com.zaxxer.hikari.HikariDataSource       : HikariPool-1 - Starting...
2024-07-30T18:30:20.613-03:00  INFO 105987 --- [todo-app] [           main] com.zaxxer.hikari.pool.HikariPool        : HikariPool-1 - Added connection org.postgresql.jdbc.PgConnection@38929da
2024-07-30T18:30:20.616-03:00  INFO 105987 --- [todo-app] [           main] com.zaxxer.hikari.HikariDataSource       : HikariPool-1 - Start completed.
2024-07-30T18:30:20.851-03:00  WARN 105987 --- [todo-app] [           main] org.hibernate.orm.deprecation            : HHH90000025: PostgreSQLDialect does not need to be specified explicitly using 'hibernate.dialect' (remove the property setting and it will be selected by default)
2024-07-30T18:30:22.162-03:00  INFO 105987 --- [todo-app] [           main] o.h.e.t.j.p.i.JtaPlatformInitiator       : HHH000489: No JTA platform available (set 'hibernate.transaction.jta.platform' to enable JTA platform integration)
2024-07-30T18:30:22.958-03:00  INFO 105987 --- [todo-app] [           main] j.LocalContainerEntityManagerFactoryBean : Initialized JPA EntityManagerFactory for persistence unit 'default'
2024-07-30T18:30:23.545-03:00  WARN 105987 --- [todo-app] [           main] JpaBaseConfiguration$JpaWebConfiguration : spring.jpa.open-in-view is enabled by default. Therefore, database queries may be performed during view rendering. Explicitly configure spring.jpa.open-in-view to disable this warning
2024-07-30T18:30:23.933-03:00  INFO 105987 --- [todo-app] [           main] o.s.s.web.DefaultSecurityFilterChain     : Will secure any request with [org.springframework.security.web.session.DisableEncodeUrlFilter@2bbaf1bc, org.springframework.security.web.context.request.async.WebAsyncManagerIntegrationFilter@65852d05, org.springframework.security.web.context.SecurityContextHolderFilter@3b3dc752, org.springframework.security.web.header.HeaderWriterFilter@3c98eaa9, org.springframework.web.filter.CorsFilter@47462daf, org.springframework.security.web.authentication.logout.LogoutFilter@1c0a4f87, com.crud.project_root.infra.security.SecurityFilter@65fa56f7, org.springframework.security.web.savedrequest.RequestCacheAwareFilter@6ad4ef13, org.springframework.security.web.servletapi.SecurityContextHolderAwareRequestFilter@7b45f7ef, org.springframework.security.web.authentication.AnonymousAuthenticationFilter@43fdef43, org.springframework.security.web.session.SessionManagementFilter@69c335c4, org.springframework.security.web.access.ExceptionTranslationFilter@2d732cda, org.springframework.security.web.access.intercept.AuthorizationFilter@5ab29866]
2024-07-30T18:30:24.465-03:00  INFO 105987 --- [todo-app] [           main] c.c.p.ProjectRootApplicationTests        : Started ProjectRootApplicationTests in 8.38 seconds (process running for 9.482)
]]></system-out>
  </testcase>
</testsuite>