<?xml version="1.0" encoding="UTF-8"?>
<testsuite xmlns:xsi="http://www.w3.org/2001/XMLSchema-instance" xsi:noNamespaceSchemaLocation="https://maven.apache.org/surefire/maven-surefire-plugin/xsd/surefire-test-report-3.0.xsd" version="3.0" name="com.crud.project_root.ProjectRootApplicationTests" time="6.491" tests="1" errors="0" skipped="0" failures="0">
  <properties>
[...]
</properties>
  <testcase name="contextLoads" classname="com.crud.project_root.ProjectRootApplicationTests" time="0.488">
    <system-out><![CDATA[11:11:02.661 [main] INFO org.springframework.test.context.support.AnnotationConfigContextLoaderUtils -- Could not detect default configuration classes for test class [com.crud.project_root.ProjectRootApplicationTests]: ProjectRootApplicationTests does not declare any static, non-private, non-final, nested classes annotated with @Configuration.
11:11:02.818 [main] INFO org.springframework.boot.test.context.SpringBootTestContextBootstrapper -- Found @SpringBootConfiguration com.crud.project_root.App for test class com.crud.project_root.ProjectRootApplicationTests
11:11:03.016 [main] INFO org.springframework.boot.devtools.restart.RestartApplicationListener -- Restart disabled due to context in which it is running

  .   ____          _            __ _ _
 /\\ / ___'_ __ _ _(_)_ __  __ _ \ \ \ \
( ( )\___ | '_ | '_| | '_ \/ _` | \ \ \ \
 \\/  ___)| |_)| | | | | || (_| |  ) ) ) )
  '  |____| .__|_| |_|_| |_\__, | / / / /
 =========|_|==============|___/=/_/_/_/
 :: Spring Boot ::                (v3.2.8)

2024-07-30T11:11:03.315-03:00  INFO 23899 --- [           main] c.c.p.ProjectRootApplicationTests        : Starting ProjectRootApplicationTests using Java 17.0.11 with PID 23899 (started by ledilson in /home/ledilson/ProjetosJava/project-root)
2024-07-30T11:11:03.317-03:00  INFO 23899 --- [           main] c.c.p.ProjectRootApplicationTests        : No active profile set, falling back to 1 default profile: "default"
2024-07-30T11:11:04.472-03:00  INFO 23899 --- [           main] .s.d.r.c.RepositoryConfigurationDelegate : Bootstrapping Spring Data JPA repositories in DEFAULT mode.
2024-07-30T11:11:04.560-03:00  INFO 23899 --- [           main] .s.d.r.c.RepositoryConfigurationDelegate : Finished Spring Data repository scanning in 80 ms. Found 2 JPA repository interfaces.
2024-07-30T11:11:05.234-03:00  INFO 23899 --- [           main] o.hibernate.jpa.internal.util.LogHelper  : HHH000204: Processing PersistenceUnitInfo [name: default]
2024-07-30T11:11:05.283-03:00  INFO 23899 --- [           main] org.hibernate.Version                    : HHH000412: Hibernate ORM core version 6.4.9.Final
2024-07-30T11:11:05.322-03:00  INFO 23899 --- [           main] o.h.c.internal.RegionFactoryInitiator    : HHH000026: Second-level cache disabled
2024-07-30T11:11:05.555-03:00  INFO 23899 --- [           main] o.s.o.j.p.SpringPersistenceUnitInfo      : No LoadTimeWeaver setup: ignoring JPA class transformer
2024-07-30T11:11:05.711-03:00  INFO 23899 --- [           main] com.zaxxer.hikari.HikariDataSource       : HikariPool-1 - Starting...
2024-07-30T11:11:06.113-03:00  INFO 23899 --- [           main] com.zaxxer.hikari.pool.HikariPool        : HikariPool-1 - Added connection org.postgresql.jdbc.PgConnection@38a38ed4
2024-07-30T11:11:06.115-03:00  INFO 23899 --- [           main] com.zaxxer.hikari.HikariDataSource       : HikariPool-1 - Start completed.
2024-07-30T11:11:06.153-03:00  WARN 23899 --- [           main] org.hibernate.orm.deprecation            : HHH90000025: PostgreSQLDialect does not need to be specified explicitly using 'hibernate.dialect' (remove the property setting and it will be selected by default)
2024-07-30T11:11:07.060-03:00  INFO 23899 --- [           main] o.h.e.t.j.p.i.JtaPlatformInitiator       : HHH000489: No JTA platform available (set 'hibernate.transaction.jta.platform' to enable JTA platform integration)
2024-07-30T11:11:07.104-03:00  INFO 23899 --- [           main] j.LocalContainerEntityManagerFactoryBean : Initialized JPA EntityManagerFactory for persistence unit 'default'
2024-07-30T11:11:07.662-03:00  WARN 23899 --- [           main] JpaBaseConfiguration$JpaWebConfiguration : spring.jpa.open-in-view is enabled by default. Therefore, database queries may be performed during view rendering. Explicitly configure spring.jpa.open-in-view to disable this warning
2024-07-30T11:11:07.981-03:00  INFO 23899 --- [           main] o.s.s.web.DefaultSecurityFilterChain     : Will secure any request with [org.springframework.security.web.session.DisableEncodeUrlFilter@a5df98c, org.springframework.security.web.context.request.async.WebAsyncManagerIntegrationFilter@5f1dadf4, org.springframework.security.web.context.SecurityContextHolderFilter@4138af7, org.springframework.security.web.header.HeaderWriterFilter@37f0fb02, org.springframework.web.filter.CorsFilter@d15f031, org.springframework.security.web.authentication.logout.LogoutFilter@524b1e41, com.crud.project_root.infra.security.SecurityFilter@ff12b53, org.springframework.security.web.savedrequest.RequestCacheAwareFilter@64dfa1a3, org.springframework.security.web.servletapi.SecurityContextHolderAwareRequestFilter@5692863, org.springframework.security.web.authentication.AnonymousAuthenticationFilter@45dfb6a4, org.springframework.security.web.session.SessionManagementFilter@363d29dd, org.springframework.security.web.access.ExceptionTranslationFilter@30a79476, org.springframework.security.web.access.intercept.AuthorizationFilter@43d2c8e3]
2024-07-30T11:11:08.421-03:00  INFO 23899 --- [           main] c.c.p.ProjectRootApplicationTests        : Started ProjectRootApplicationTests in 5.419 seconds (process running for 6.696)
]]></system-out>
  </testcase>
</testsuite>